{"E:\\www\\项目\\pretty-preview\\packages\\index.ts": {"path":"E:\\www\\项目\\pretty-preview\\packages\\index.ts","all":false,"statementMap":{"0":{"start":{"line":1,"column":0},"end":{"line":1,"column":44}},"1":{"start":{"line":2,"column":0},"end":{"line":2,"column":0}},"2":{"start":{"line":3,"column":0},"end":{"line":3,"column":24}}},"s":{"0":1,"1":1,"2":1},"branchMap":{"0":{"type":"branch","line":3,"loc":{"start":{"line":3,"column":9},"end":{"line":3,"column":24}},"locations":[{"start":{"line":3,"column":9},"end":{"line":3,"column":24}}]}},"b":{"0":[1]},"fnMap":{"0":{"name":"get","decl":{"start":{"line":3,"column":9},"end":{"line":3,"column":24}},"loc":{"start":{"line":3,"column":9},"end":{"line":3,"column":24}},"line":3}},"f":{"0":1}}
,"E:\\www\\项目\\pretty-preview\\packages\\pretty-preview\\index.ts": {"path":"E:\\www\\项目\\pretty-preview\\packages\\pretty-preview\\index.ts","all":false,"statementMap":{"0":{"start":{"line":1,"column":0},"end":{"line":1,"column":21}},"1":{"start":{"line":2,"column":0},"end":{"line":2,"column":15}},"2":{"start":{"line":3,"column":0},"end":{"line":3,"column":1}},"3":{"start":{"line":4,"column":0},"end":{"line":4,"column":0}},"4":{"start":{"line":5,"column":0},"end":{"line":5,"column":28}}},"s":{"0":1,"1":1,"2":1,"3":1,"4":1},"branchMap":{"0":{"type":"branch","line":2,"loc":{"start":{"line":2,"column":2},"end":{"line":2,"column":15}},"locations":[{"start":{"line":2,"column":2},"end":{"line":2,"column":15}}]}},"b":{"0":[1]},"fnMap":{"0":{"name":"<instance_members_initializer>","decl":{"start":{"line":2,"column":2},"end":{"line":2,"column":15}},"loc":{"start":{"line":2,"column":2},"end":{"line":2,"column":15}},"line":2}},"f":{"0":1}}
}
